Using pre-set license
Built from '2020.3/release' branch; Version is '2020.3.7f1 (dd97f2c94397) revision 14522354'; Using compiler version '192528614'; Build Type 'Release'
OS: 'Windows 10 Home; OS build 19045.2728; Version 2009; 64bit' Language: 'ko' Physical Memory: 8125 MB
BatchMode: 1, IsHumanControllingUs: 0, StartBugReporterOnCrash: 0, Is64bit: 1, IsPro: 0

 COMMAND LINE ARGUMENTS:
C:\Program Files\Unity\Hub\Editor\2020.3.7f1\Editor\Unity.exe
-adb2
-batchMode
-noUpm
-name
AssetImportWorker0
-projectPath
D:/3학년1학기/게임툴프로그래밍/과제/폴더소스/이새롬
-logFile
Logs/AssetImportWorker0.log
-srvPort
49659
Successfully changed project path to: D:/3학년1학기/게임툴프로그래밍/과제/폴더소스/이새롬
D:/3학년1학기/게임툴프로그래밍/과제/폴더소스/이새롬
Using Asset Import Pipeline V2.
Refreshing native plugins compatible for Editor in 22.29 ms, found 0 plugins.
Preloading 0 native plugins for Editor in 0.00 ms.
Initialize engine version: 2020.3.7f1 (dd97f2c94397)
[Subsystems] Discovering subsystems at path C:/Program Files/Unity/Hub/Editor/2020.3.7f1/Editor/Data/Resources/UnitySubsystems
[Subsystems] Discovering subsystems at path D:/3학년1학기/게임툴프로그래밍/과제/폴더소스/이새롬/Assets
GfxDevice: creating device client; threaded=0
Direct3D:
    Version:  Direct3D 11.0 [level 11.1]
    Renderer: NVIDIA GeForce GTX 1050 Ti (ID=0x1c82)
    Vendor:   
    VRAM:     4018 MB
    Driver:   31.0.15.1694
Initialize mono
Mono path[0] = 'C:/Program Files/Unity/Hub/Editor/2020.3.7f1/Editor/Data/Managed'
Mono path[1] = 'C:/Program Files/Unity/Hub/Editor/2020.3.7f1/Editor/Data/MonoBleedingEdge/lib/mono/unityjit'
Mono config path = 'C:/Program Files/Unity/Hub/Editor/2020.3.7f1/Editor/Data/MonoBleedingEdge/etc'
Using monoOptions --debugger-agent=transport=dt_socket,embedding=1,server=y,suspend=n,address=127.0.0.1:56952
Begin MonoManager ReloadAssembly
Registering precompiled unity dll's ...
Register platform support module: C:/Program Files/Unity/Hub/Editor/2020.3.7f1/Editor/Data/PlaybackEngines/WindowsStandaloneSupport/UnityEditor.WindowsStandalone.Extensions.dll
Registered in 0.007471 seconds.
Native extension for WindowsStandalone target not found
Refreshing native plugins compatible for Editor in 20.39 ms, found 0 plugins.
Preloading 0 native plugins for Editor in 0.00 ms.
Mono: successfully reloaded assembly
- Completed reload, in  1.313 seconds
Platform modules already initialized, skipping
Registering precompiled user dll's ...
Registered in 0.000841 seconds.
Begin MonoManager ReloadAssembly
Native extension for WindowsStandalone target not found
Refreshing native plugins compatible for Editor in 0.19 ms, found 0 plugins.
Preloading 0 native plugins for Editor in 0.00 ms.
Mono: successfully reloaded assembly
- Completed reload, in  0.950 seconds
Platform modules already initialized, skipping
========================================================================
Worker process is ready to serve import requests
Launched and connected shader compiler UnityShaderCompiler.exe after 0.14 seconds
Refreshing native plugins compatible for Editor in 0.19 ms, found 0 plugins.
Preloading 0 native plugins for Editor in 0.00 ms.
Unloading 1123 Unused Serialized files (Serialized files now loaded: 0)
System memory in use before: 57.1 MB.
System memory in use after: 57.2 MB.

Unloading 9 unused Assets to reduce memory usage. Loaded Objects now: 1566.
Total: 1.690700 ms (FindLiveObjects: 0.119100 ms CreateObjectMapping: 0.030900 ms MarkObjects: 1.485000 ms  DeleteObjects: 0.054700 ms)

========================================================================
Received Import Request.
  path: Assets/Scenes/SampleScene.unity
  artifactKey: Guid(9fc0d4010bbf28b4594072e72b8655ab) Importer(815301076,1909f56bfc062723c751e8b465ee728b)
Start importing Assets/Scenes/SampleScene.unity using Guid(9fc0d4010bbf28b4594072e72b8655ab) Importer(815301076,1909f56bfc062723c751e8b465ee728b)  -> (artifact id: 'cb4d8aa56ca7cfef2b3b6d6fc07d253c') in 0.010952 seconds
  Import took 0.012736 seconds .

========================================================================
Received Import Request.
  Time since last request: 0.342014 seconds.
  path: Assets/Scenes/SampleScene.unity
  artifactKey: Guid(9fc0d4010bbf28b4594072e72b8655ab) Importer(815301076,1909f56bfc062723c751e8b465ee728b)
Start importing Assets/Scenes/SampleScene.unity using Guid(9fc0d4010bbf28b4594072e72b8655ab) Importer(815301076,1909f56bfc062723c751e8b465ee728b)  -> (artifact id: 'cb4d8aa56ca7cfef2b3b6d6fc07d253c') in 0.003306 seconds
  Import took 0.005284 seconds .

========================================================================
Received Prepare
Registering precompiled user dll's ...
Registered in 0.001409 seconds.
Begin MonoManager ReloadAssembly
Native extension for WindowsStandalone target not found
Refreshing native plugins compatible for Editor in 0.30 ms, found 0 plugins.
Preloading 0 native plugins for Editor in 0.00 ms.
Mono: successfully reloaded assembly
- Completed reload, in  1.088 seconds
Platform modules already initialized, skipping
Refreshing native plugins compatible for Editor in 0.22 ms, found 0 plugins.
Preloading 0 native plugins for Editor in 0.00 ms.
Unloading 1117 Unused Serialized files (Serialized files now loaded: 0)
System memory in use before: 57.0 MB.
System memory in use after: 57.1 MB.

Unloading 4 unused Assets to reduce memory usage. Loaded Objects now: 1569.
Total: 1.641600 ms (FindLiveObjects: 0.134300 ms CreateObjectMapping: 0.040200 ms MarkObjects: 1.446600 ms  DeleteObjects: 0.019000 ms)

========================================================================
Received Prepare
Registering precompiled user dll's ...
Registered in 0.009772 seconds.
Begin MonoManager ReloadAssembly
Native extension for WindowsStandalone target not found
Refreshing native plugins compatible for Editor in 0.21 ms, found 0 plugins.
Preloading 0 native plugins for Editor in 0.00 ms.
Mono: successfully reloaded assembly
- Completed reload, in  0.995 seconds
Platform modules already initialized, skipping
Refreshing native plugins compatible for Editor in 0.28 ms, found 0 plugins.
Preloading 0 native plugins for Editor in 0.00 ms.
Unloading 1117 Unused Serialized files (Serialized files now loaded: 0)
System memory in use before: 57.0 MB.
System memory in use after: 57.1 MB.

Unloading 4 unused Assets to reduce memory usage. Loaded Objects now: 1572.
Total: 2.310100 ms (FindLiveObjects: 0.228600 ms CreateObjectMapping: 0.061500 ms MarkObjects: 1.990800 ms  DeleteObjects: 0.027300 ms)

========================================================================
Received Prepare
Registering precompiled user dll's ...
Registered in 0.001042 seconds.
Begin MonoManager ReloadAssembly
Native extension for WindowsStandalone target not found
Refreshing native plugins compatible for Editor in 0.28 ms, found 0 plugins.
Preloading 0 native plugins for Editor in 0.00 ms.
Mono: successfully reloaded assembly
- Completed reload, in  1.031 seconds
Platform modules already initialized, skipping
Refreshing native plugins compatible for Editor in 0.29 ms, found 0 plugins.
Preloading 0 native plugins for Editor in 0.00 ms.
Unloading 1117 Unused Serialized files (Serialized files now loaded: 0)
System memory in use before: 57.0 MB.
System memory in use after: 57.1 MB.

Unloading 4 unused Assets to reduce memory usage. Loaded Objects now: 1575.
Total: 1.764900 ms (FindLiveObjects: 0.171500 ms CreateObjectMapping: 0.036700 ms MarkObjects: 1.541700 ms  DeleteObjects: 0.013300 ms)

========================================================================
Received Import Request.
  Time since last request: 441.775506 seconds.
  path: Assets/Image/금곡괭이.png
  artifactKey: Guid(ac58496696bc008439c4761cdea90a77) Importer(815301076,1909f56bfc062723c751e8b465ee728b)
Start importing Assets/Image/금곡괭이.png using Guid(ac58496696bc008439c4761cdea90a77) Importer(815301076,1909f56bfc062723c751e8b465ee728b)  -> (artifact id: 'b37c16b19f711bdfcea117865e82392d') in 0.199036 seconds
  Import took 0.201020 seconds .

========================================================================
Received Import Request.
  Time since last request: 0.000266 seconds.
  path: Assets/Image/철괴.png
  artifactKey: Guid(1b4fca325b4b8bf45a3417b90e132ae8) Importer(815301076,1909f56bfc062723c751e8b465ee728b)
Start importing Assets/Image/철괴.png using Guid(1b4fca325b4b8bf45a3417b90e132ae8) Importer(815301076,1909f56bfc062723c751e8b465ee728b)  -> (artifact id: '89ef010775f8037a2fe5e4f0b298bed9') in 0.014099 seconds
  Import took 0.015941 seconds .

========================================================================
Received Import Request.
  Time since last request: 0.000236 seconds.
  path: Assets/Image/당근.png
  artifactKey: Guid(63f147c6f14324e4e8af711891008de3) Importer(815301076,1909f56bfc062723c751e8b465ee728b)
Start importing Assets/Image/당근.png using Guid(63f147c6f14324e4e8af711891008de3) Importer(815301076,1909f56bfc062723c751e8b465ee728b)  -> (artifact id: '6366a659a2b807e63e7e8640ef73dfb8') in 0.027561 seconds
  Import took 0.029498 seconds .

========================================================================
Received Import Request.
  Time since last request: 0.000248 seconds.
  path: Assets/Image/실.png
  artifactKey: Guid(0239bac2e75a8cc48951bfc23a2177cb) Importer(815301076,1909f56bfc062723c751e8b465ee728b)
Start importing Assets/Image/실.png using Guid(0239bac2e75a8cc48951bfc23a2177cb) Importer(815301076,1909f56bfc062723c751e8b465ee728b)  -> (artifact id: '8d32ce0cd9383898c5ff881abd8d960e') in 0.018114 seconds
  Import took 0.020164 seconds .

========================================================================
Received Import Request.
  Time since last request: 0.000226 seconds.
  path: Assets/Image/나무금간거.png
  artifactKey: Guid(99443671eab9a194c81ce61e8932eabc) Importer(815301076,1909f56bfc062723c751e8b465ee728b)
Start importing Assets/Image/나무금간거.png using Guid(99443671eab9a194c81ce61e8932eabc) Importer(815301076,1909f56bfc062723c751e8b465ee728b)  -> (artifact id: '59a2680400f33995e21dc4a5d07e4858') in 0.029826 seconds
  Import took 0.032322 seconds .

========================================================================
Received Import Request.
  Time since last request: 0.000346 seconds.
  path: Assets/Image/금괴.png
  artifactKey: Guid(e9b4ea8efdba5744db777e6e28e3298f) Importer(815301076,1909f56bfc062723c751e8b465ee728b)
Start importing Assets/Image/금괴.png using Guid(e9b4ea8efdba5744db777e6e28e3298f) Importer(815301076,1909f56bfc062723c751e8b465ee728b)  -> (artifact id: '6fac6b83c6efa13bafbdf817712263d2') in 0.019414 seconds
  Import took 0.021679 seconds .

========================================================================
Received Import Request.
  Time since last request: 0.000227 seconds.
  path: Assets/Image/철곡괭이.png
  artifactKey: Guid(72c709d7e8b4c344592198b40c7dfce4) Importer(815301076,1909f56bfc062723c751e8b465ee728b)
Start importing Assets/Image/철곡괭이.png using Guid(72c709d7e8b4c344592198b40c7dfce4) Importer(815301076,1909f56bfc062723c751e8b465ee728b)  -> (artifact id: 'fdba65266130d5d5ee85ccaef998318d') in 0.023012 seconds
  Import took 0.031151 seconds .

========================================================================
Received Import Request.
  Time since last request: 0.000206 seconds.
  path: Assets/Image/마인크래프트_감쪽같다.png
  artifactKey: Guid(b0d6ebaff7ac1a741aa605dcc139036a) Importer(815301076,1909f56bfc062723c751e8b465ee728b)
Start importing Assets/Image/마인크래프트_감쪽같다.png using Guid(b0d6ebaff7ac1a741aa605dcc139036a) Importer(815301076,1909f56bfc062723c751e8b465ee728b)  -> (artifact id: '95a4844a10820602e7c79c24596433dd') in 0.020795 seconds
  Import took 0.022888 seconds .

========================================================================
Received Import Request.
  Time since last request: 0.000220 seconds.
  path: Assets/Image/낚시대.png
  artifactKey: Guid(3b827f205299a2c40a54465c6b92e958) Importer(815301076,1909f56bfc062723c751e8b465ee728b)
Start importing Assets/Image/낚시대.png using Guid(3b827f205299a2c40a54465c6b92e958) Importer(815301076,1909f56bfc062723c751e8b465ee728b)  -> (artifact id: '778ca76aa36a1f9566c68517db1f6fa8') in 0.013855 seconds
  Import took 0.015938 seconds .

========================================================================
Received Import Request.
  Time since last request: 0.000235 seconds.
  path: Assets/Image/나무.png
  artifactKey: Guid(3c4c6eab96c27a247ad3f3160a2ff618) Importer(815301076,1909f56bfc062723c751e8b465ee728b)
Start importing Assets/Image/나무.png using Guid(3c4c6eab96c27a247ad3f3160a2ff618) Importer(815301076,1909f56bfc062723c751e8b465ee728b)  -> (artifact id: '83f0be36f5cd5aa55f3efdc43e1d8773') in 0.020949 seconds
  Import took 0.022807 seconds .

========================================================================
Received Import Request.
  Time since last request: 0.000207 seconds.
  path: Assets/Image/돌곡괭이.png
  artifactKey: Guid(025e200eaf165be409402091bd74a107) Importer(815301076,1909f56bfc062723c751e8b465ee728b)
Start importing Assets/Image/돌곡괭이.png using Guid(025e200eaf165be409402091bd74a107) Importer(815301076,1909f56bfc062723c751e8b465ee728b)  -> (artifact id: '27acbd7aadf880242c3b6a9a65bbce43') in 0.030112 seconds
  Import took 0.044192 seconds .

========================================================================
Received Import Request.
  Time since last request: 0.000228 seconds.
  path: Assets/Image/조약돌.png
  artifactKey: Guid(195c4d6a6ed91024bb702ab415cabccb) Importer(815301076,1909f56bfc062723c751e8b465ee728b)
Start importing Assets/Image/조약돌.png using Guid(195c4d6a6ed91024bb702ab415cabccb) Importer(815301076,1909f56bfc062723c751e8b465ee728b)  -> (artifact id: 'd78b2bb0ceccbb941b5ea0cf71dfa06a') in 0.016406 seconds
  Import took 0.018208 seconds .

========================================================================
Received Import Request.
  Time since last request: 0.000205 seconds.
  path: Assets/Image/막대기.png
  artifactKey: Guid(476e480b6a01f3f49b461ab3649730c4) Importer(815301076,1909f56bfc062723c751e8b465ee728b)
Start importing Assets/Image/막대기.png using Guid(476e480b6a01f3f49b461ab3649730c4) Importer(815301076,1909f56bfc062723c751e8b465ee728b)  -> (artifact id: '7c1e7e74e3efee51c087f7bbaa87b214') in 0.029152 seconds
  Import took 0.031305 seconds .

========================================================================
Received Import Request.
  Time since last request: 0.000282 seconds.
  path: Assets/Image/철도끼.png
  artifactKey: Guid(60ecf5e7f2a415a45afc30439d225ff1) Importer(815301076,1909f56bfc062723c751e8b465ee728b)
Start importing Assets/Image/철도끼.png using Guid(60ecf5e7f2a415a45afc30439d225ff1) Importer(815301076,1909f56bfc062723c751e8b465ee728b)  -> (artifact id: 'd0332819f5aba42b6063228ceeef9590') in 0.010493 seconds
  Import took 0.013248 seconds .

========================================================================
Received Import Request.
  Time since last request: 0.000257 seconds.
  path: Assets/Image/막대기.png
  artifactKey: Guid(476e480b6a01f3f49b461ab3649730c4) Importer(815301076,1909f56bfc062723c751e8b465ee728b)
Start importing Assets/Image/막대기.png using Guid(476e480b6a01f3f49b461ab3649730c4) Importer(815301076,1909f56bfc062723c751e8b465ee728b)  -> (artifact id: '7c1e7e74e3efee51c087f7bbaa87b214') in 0.009401 seconds
  Import took 0.011330 seconds .

========================================================================
Received Import Request.
  Time since last request: 0.000367 seconds.
  path: Assets/Image/돌도끼.png
  artifactKey: Guid(c4f5ae7ed75482a478b620c5ed97a901) Importer(815301076,1909f56bfc062723c751e8b465ee728b)
Start importing Assets/Image/돌도끼.png using Guid(c4f5ae7ed75482a478b620c5ed97a901) Importer(815301076,1909f56bfc062723c751e8b465ee728b)  -> (artifact id: 'd8fe6e88bf003903ce2a35d933b318d8') in 0.025815 seconds
  Import took 0.028016 seconds .

========================================================================
Received Import Request.
  Time since last request: 0.000242 seconds.
  path: Assets/Image/금도끼.png
  artifactKey: Guid(c75a331974cb3f74b9f900c019df7ea1) Importer(815301076,1909f56bfc062723c751e8b465ee728b)
Start importing Assets/Image/금도끼.png using Guid(c75a331974cb3f74b9f900c019df7ea1) Importer(815301076,1909f56bfc062723c751e8b465ee728b)  -> (artifact id: 'a2859f0830b7fef8ed610145117612e6') in 0.009982 seconds
  Import took 0.012150 seconds .

========================================================================
Received Import Request.
  Time since last request: 0.000223 seconds.
  path: Assets/Image/당근낚시대.png
  artifactKey: Guid(d73b3bae3eb17bb429670075c836cc2a) Importer(815301076,1909f56bfc062723c751e8b465ee728b)
Start importing Assets/Image/당근낚시대.png using Guid(d73b3bae3eb17bb429670075c836cc2a) Importer(815301076,1909f56bfc062723c751e8b465ee728b)  -> (artifact id: '9f44b3af976c6286ff81ea697d60d5f7') in 0.010836 seconds
  Import took 0.013034 seconds .

========================================================================
Received Import Request.
  Time since last request: 0.392564 seconds.
  path: Assets/ItemScriptableObj/금곡괭이.asset
  artifactKey: Guid(21c1745ad0936984e9370669a18470bd) Importer(815301076,1909f56bfc062723c751e8b465ee728b)
Start importing Assets/ItemScriptableObj/금곡괭이.asset using Guid(21c1745ad0936984e9370669a18470bd) Importer(815301076,1909f56bfc062723c751e8b465ee728b)  -> (artifact id: 'ac59b580b672b482142fabf520f0f32e') in 0.008854 seconds
  Import took 0.010778 seconds .

========================================================================
Received Import Request.
  Time since last request: 0.000282 seconds.
  path: Assets/ItemScriptableObj/나무.asset
  artifactKey: Guid(ccf90f90f2746374f80cfd6711359b83) Importer(815301076,1909f56bfc062723c751e8b465ee728b)
Start importing Assets/ItemScriptableObj/나무.asset using Guid(ccf90f90f2746374f80cfd6711359b83) Importer(815301076,1909f56bfc062723c751e8b465ee728b)  -> (artifact id: '747f30169319c86413e474a7d48f9acf') in 0.003227 seconds
  Import took 0.005134 seconds .

========================================================================
Received Import Request.
  Time since last request: 0.000299 seconds.
  path: Assets/ItemScriptableObj/조약돌.asset
  artifactKey: Guid(59dfd871d572d074cbf079250d4b5eb4) Importer(815301076,1909f56bfc062723c751e8b465ee728b)
Start importing Assets/ItemScriptableObj/조약돌.asset using Guid(59dfd871d572d074cbf079250d4b5eb4) Importer(815301076,1909f56bfc062723c751e8b465ee728b)  -> (artifact id: '5e5a1064e71d1da92c3ef5a5aa1621da') in 0.004862 seconds
  Import took 0.007523 seconds .

========================================================================
Received Import Request.
  Time since last request: 0.000418 seconds.
  path: Assets/ItemScriptableObj/철주괴.asset
  artifactKey: Guid(d4a9e256260e04d40990371f85ff3c77) Importer(815301076,1909f56bfc062723c751e8b465ee728b)
Start importing Assets/ItemScriptableObj/철주괴.asset using Guid(d4a9e256260e04d40990371f85ff3c77) Importer(815301076,1909f56bfc062723c751e8b465ee728b)  -> (artifact id: '741aa4f647dba2a9e960f5a3329eb3a8') in 0.004141 seconds
  Import took 0.006384 seconds .

========================================================================
Received Import Request.
  Time since last request: 0.000350 seconds.
  path: Assets/ItemScriptableObj/돌도끼.asset
  artifactKey: Guid(7a28cd9f33494a84ab119203edde6ee6) Importer(815301076,1909f56bfc062723c751e8b465ee728b)
Start importing Assets/ItemScriptableObj/돌도끼.asset using Guid(7a28cd9f33494a84ab119203edde6ee6) Importer(815301076,1909f56bfc062723c751e8b465ee728b)  -> (artifact id: 'd0720037c352100068f537dacfdf262b') in 0.005314 seconds
  Import took 0.007389 seconds .

========================================================================
Received Import Request.
  Time since last request: 0.000420 seconds.
  path: Assets/ItemScriptableObj/금도끼.asset
  artifactKey: Guid(e72898e9bd818b446a134d94bd87179c) Importer(815301076,1909f56bfc062723c751e8b465ee728b)
Start importing Assets/ItemScriptableObj/금도끼.asset using Guid(e72898e9bd818b446a134d94bd87179c) Importer(815301076,1909f56bfc062723c751e8b465ee728b)  -> (artifact id: '7bd643bee86a11ced902dfabc9d93e40') in 0.004561 seconds
  Import took 0.007632 seconds .

========================================================================
Received Import Request.
  Time since last request: 0.000335 seconds.
  path: Assets/ItemScriptableObj/실.asset
  artifactKey: Guid(79e449bc1b196c9439c9eea3593b5ee4) Importer(815301076,1909f56bfc062723c751e8b465ee728b)
Start importing Assets/ItemScriptableObj/실.asset using Guid(79e449bc1b196c9439c9eea3593b5ee4) Importer(815301076,1909f56bfc062723c751e8b465ee728b)  -> (artifact id: 'c9fcaf1d1a0e752627cc9ba9d7310a48') in 0.004043 seconds
  Import took 0.006434 seconds .

========================================================================
Received Import Request.
  Time since last request: 0.000307 seconds.
  path: Assets/ItemScriptableObj/당근.asset
  artifactKey: Guid(7620f36c885f81e42b8d8e81a69eb323) Importer(815301076,1909f56bfc062723c751e8b465ee728b)
Start importing Assets/ItemScriptableObj/당근.asset using Guid(7620f36c885f81e42b8d8e81a69eb323) Importer(815301076,1909f56bfc062723c751e8b465ee728b)  -> (artifact id: 'db18095387745cbc71b3cdbea7c1282b') in 0.004028 seconds
  Import took 0.005752 seconds .

========================================================================
Received Import Request.
  Time since last request: 0.000339 seconds.
  path: Assets/ItemScriptableObj/막대기.asset
  artifactKey: Guid(e7849acae273e2e429544aca4885beae) Importer(815301076,1909f56bfc062723c751e8b465ee728b)
Start importing Assets/ItemScriptableObj/막대기.asset using Guid(e7849acae273e2e429544aca4885beae) Importer(815301076,1909f56bfc062723c751e8b465ee728b)  -> (artifact id: '1e377bdd077427fbfc8b8e558a30c1d2') in 0.005093 seconds
  Import took 0.007328 seconds .

========================================================================
Received Import Request.
  Time since last request: 0.000330 seconds.
  path: Assets/ItemScriptableObj/당근낚시대.asset
  artifactKey: Guid(8c1e011981bbe914c9f0941c1f233a5a) Importer(815301076,1909f56bfc062723c751e8b465ee728b)
Start importing Assets/ItemScriptableObj/당근낚시대.asset using Guid(8c1e011981bbe914c9f0941c1f233a5a) Importer(815301076,1909f56bfc062723c751e8b465ee728b)  -> (artifact id: '8ad877a0a3f0edc5db7d4cbe4c44f29d') in 0.005243 seconds
  Import took 0.007694 seconds .

========================================================================
Received Import Request.
  Time since last request: 0.000410 seconds.
  path: Assets/ItemScriptableObj/철곡괭이.asset
  artifactKey: Guid(04444263924ee95418a6ed4cd8c423bf) Importer(815301076,1909f56bfc062723c751e8b465ee728b)
Start importing Assets/ItemScriptableObj/철곡괭이.asset using Guid(04444263924ee95418a6ed4cd8c423bf) Importer(815301076,1909f56bfc062723c751e8b465ee728b)  -> (artifact id: '8a062810847cea8d93f1e30298f3e6f6') in 0.004657 seconds
  Import took 0.007783 seconds .

========================================================================
Received Import Request.
  Time since last request: 0.000375 seconds.
  path: Assets/ItemScriptableObj/철도끼.asset
  artifactKey: Guid(f7c0e04f08df0884883eab587002acd4) Importer(815301076,1909f56bfc062723c751e8b465ee728b)
Start importing Assets/ItemScriptableObj/철도끼.asset using Guid(f7c0e04f08df0884883eab587002acd4) Importer(815301076,1909f56bfc062723c751e8b465ee728b)  -> (artifact id: '4424cacf92ca65406abcaca39b50ff5a') in 0.005792 seconds
  Import took 0.008599 seconds .

========================================================================
Received Import Request.
  Time since last request: 0.000317 seconds.
  path: Assets/ItemScriptableObj/나무원목.asset
  artifactKey: Guid(0305b3e79dd1dc94d92d4d440afd4a61) Importer(815301076,1909f56bfc062723c751e8b465ee728b)
Start importing Assets/ItemScriptableObj/나무원목.asset using Guid(0305b3e79dd1dc94d92d4d440afd4a61) Importer(815301076,1909f56bfc062723c751e8b465ee728b)  -> (artifact id: 'c6ba23e93eca46d6529cfe7bfaa06680') in 0.004478 seconds
  Import took 0.006444 seconds .

========================================================================
Received Import Request.
  Time since last request: 0.000230 seconds.
  path: Assets/ItemScriptableObj/금괴.asset
  artifactKey: Guid(7c7de6f8deba40146bef0cdd96ac4b92) Importer(815301076,1909f56bfc062723c751e8b465ee728b)
Start importing Assets/ItemScriptableObj/금괴.asset using Guid(7c7de6f8deba40146bef0cdd96ac4b92) Importer(815301076,1909f56bfc062723c751e8b465ee728b)  -> (artifact id: '5d37054aee0b4d40b7d37278816821db') in 0.003582 seconds
  Import took 0.005528 seconds .

========================================================================
Received Import Request.
  Time since last request: 0.000246 seconds.
  path: Assets/ItemScriptableObj/돌곡괭이.asset
  artifactKey: Guid(665ee2245852922459c426c338e42c47) Importer(815301076,1909f56bfc062723c751e8b465ee728b)
Start importing Assets/ItemScriptableObj/돌곡괭이.asset using Guid(665ee2245852922459c426c338e42c47) Importer(815301076,1909f56bfc062723c751e8b465ee728b)  -> (artifact id: 'af886e4e0923e9e87e0541c56d2b0543') in 0.003685 seconds
  Import took 0.006039 seconds .

========================================================================
Received Import Request.
  Time since last request: 0.000248 seconds.
  path: Assets/ItemScriptableObj/낚시대.asset
  artifactKey: Guid(e02a86c39ff012c4481c71de637ab41b) Importer(815301076,1909f56bfc062723c751e8b465ee728b)
Start importing Assets/ItemScriptableObj/낚시대.asset using Guid(e02a86c39ff012c4481c71de637ab41b) Importer(815301076,1909f56bfc062723c751e8b465ee728b)  -> (artifact id: '4f4a6ca295ad8a6532e677715d07a1c1') in 0.003563 seconds
  Import took 0.005365 seconds .

========================================================================
Received Import Request.
  Time since last request: 3.755393 seconds.
  path: Assets/Resources/Minecraft_ItemTable.csv
  artifactKey: Guid(6ecfaf7bbdb53eb4599705d67302403e) Importer(815301076,1909f56bfc062723c751e8b465ee728b)
Start importing Assets/Resources/Minecraft_ItemTable.csv using Guid(6ecfaf7bbdb53eb4599705d67302403e) Importer(815301076,1909f56bfc062723c751e8b465ee728b)  -> (artifact id: '752f9d227413e06e75a3eb2e19b7bf8f') in 0.038508 seconds
  Import took 0.040315 seconds .

========================================================================
Received Import Request.
  Time since last request: 11.632485 seconds.
  path: Assets/scripts/Completion_itemSlot.cs
  artifactKey: Guid(c47d55b4e92d2d941af90b872e557a56) Importer(815301076,1909f56bfc062723c751e8b465ee728b)
Start importing Assets/scripts/Completion_itemSlot.cs using Guid(c47d55b4e92d2d941af90b872e557a56) Importer(815301076,1909f56bfc062723c751e8b465ee728b)  -> (artifact id: 'fa3f1170ecdd6faafe2cee646342c664') in 0.013958 seconds
  Import took 0.015756 seconds .

========================================================================
Received Import Request.
  Time since last request: 0.009307 seconds.
  path: Assets/scripts/Completion_itemSlot.cs
  artifactKey: Guid(c47d55b4e92d2d941af90b872e557a56) Importer(815301076,1909f56bfc062723c751e8b465ee728b)
Start importing Assets/scripts/Completion_itemSlot.cs using Guid(c47d55b4e92d2d941af90b872e557a56) Importer(815301076,1909f56bfc062723c751e8b465ee728b)  -> (artifact id: 'fa3f1170ecdd6faafe2cee646342c664') in 0.003045 seconds
  Import took 0.005041 seconds .

========================================================================
Received Import Request.
  Time since last request: 24.933742 seconds.
  path: Assets/scripts/CSVReader.cs
  artifactKey: Guid(2dd6fe11096738241a6a29c241f32c24) Importer(815301076,1909f56bfc062723c751e8b465ee728b)
Start importing Assets/scripts/CSVReader.cs using Guid(2dd6fe11096738241a6a29c241f32c24) Importer(815301076,1909f56bfc062723c751e8b465ee728b)  -> (artifact id: '49a7df187fad062e66a109ecc942a302') in 0.002831 seconds
  Import took 0.004795 seconds .

========================================================================
Received Import Request.
  Time since last request: 3.829375 seconds.
  path: Assets/scripts/DataManager.cs
  artifactKey: Guid(71480ab65a4875b4d810155bd1ea6767) Importer(815301076,1909f56bfc062723c751e8b465ee728b)
Start importing Assets/scripts/DataManager.cs using Guid(71480ab65a4875b4d810155bd1ea6767) Importer(815301076,1909f56bfc062723c751e8b465ee728b)  -> (artifact id: 'ca5a8d73da182fda0851a143d5283c03') in 0.002889 seconds
  Import took 0.004734 seconds .

========================================================================
Received Import Request.
  Time since last request: 0.003683 seconds.
  path: Assets/scripts/DataManager.cs
  artifactKey: Guid(71480ab65a4875b4d810155bd1ea6767) Importer(815301076,1909f56bfc062723c751e8b465ee728b)
Start importing Assets/scripts/DataManager.cs using Guid(71480ab65a4875b4d810155bd1ea6767) Importer(815301076,1909f56bfc062723c751e8b465ee728b)  -> (artifact id: 'ca5a8d73da182fda0851a143d5283c03') in 0.003879 seconds
  Import took 0.005830 seconds .

========================================================================
Received Import Request.
  Time since last request: 6.909962 seconds.
  path: Assets/scripts/DataManager2.cs
  artifactKey: Guid(a91f3fb89f3919948b28de374bde5b16) Importer(815301076,1909f56bfc062723c751e8b465ee728b)
Start importing Assets/scripts/DataManager2.cs using Guid(a91f3fb89f3919948b28de374bde5b16) Importer(815301076,1909f56bfc062723c751e8b465ee728b)  -> (artifact id: '02429aaf11f63e3852ec1c7bbf3b8aa8') in 0.003012 seconds
  Import took 0.005146 seconds .

========================================================================
Received Import Request.
  Time since last request: 0.002449 seconds.
  path: Assets/scripts/DataManager2.cs
  artifactKey: Guid(a91f3fb89f3919948b28de374bde5b16) Importer(815301076,1909f56bfc062723c751e8b465ee728b)
Start importing Assets/scripts/DataManager2.cs using Guid(a91f3fb89f3919948b28de374bde5b16) Importer(815301076,1909f56bfc062723c751e8b465ee728b)  -> (artifact id: '02429aaf11f63e3852ec1c7bbf3b8aa8') in 0.024348 seconds
  Import took 0.026249 seconds .

========================================================================
Received Import Request.
  Time since last request: 6.324738 seconds.
  path: Assets/scripts/DragSlot.cs
  artifactKey: Guid(42405724e426d8b44b739d7fe9c28db1) Importer(815301076,1909f56bfc062723c751e8b465ee728b)
Start importing Assets/scripts/DragSlot.cs using Guid(42405724e426d8b44b739d7fe9c28db1) Importer(815301076,1909f56bfc062723c751e8b465ee728b)  -> (artifact id: '1ebcdcea985fb21dc8163194840ce764') in 0.003020 seconds
  Import took 0.005317 seconds .

========================================================================
Received Import Request.
  Time since last request: 0.693892 seconds.
  path: Assets/scripts/Item.cs
  artifactKey: Guid(556168d247e5f6b408d19e930eefe47a) Importer(815301076,1909f56bfc062723c751e8b465ee728b)
Start importing Assets/scripts/Item.cs using Guid(556168d247e5f6b408d19e930eefe47a) Importer(815301076,1909f56bfc062723c751e8b465ee728b)  -> (artifact id: '3a8405ccd198c12f922e4f98eae6c187') in 0.003099 seconds
  Import took 0.005078 seconds .

========================================================================
Received Import Request.
  Time since last request: 0.006432 seconds.
  path: Assets/scripts/Item.cs
  artifactKey: Guid(556168d247e5f6b408d19e930eefe47a) Importer(815301076,1909f56bfc062723c751e8b465ee728b)
Start importing Assets/scripts/Item.cs using Guid(556168d247e5f6b408d19e930eefe47a) Importer(815301076,1909f56bfc062723c751e8b465ee728b)  -> (artifact id: '3a8405ccd198c12f922e4f98eae6c187') in 0.003544 seconds
  Import took 0.005871 seconds .

========================================================================
Received Import Request.
  Time since last request: 0.540705 seconds.
  path: Assets/scripts/ItemSlot.cs
  artifactKey: Guid(a171bd9539469734e9f707ea9ea28e27) Importer(815301076,1909f56bfc062723c751e8b465ee728b)
Start importing Assets/scripts/ItemSlot.cs using Guid(a171bd9539469734e9f707ea9ea28e27) Importer(815301076,1909f56bfc062723c751e8b465ee728b)  -> (artifact id: '285c3e93b6e7d57d19142952a4e2b816') in 0.003327 seconds
  Import took 0.005349 seconds .

========================================================================
Received Import Request.
  Time since last request: 0.003373 seconds.
  path: Assets/scripts/ItemSlot.cs
  artifactKey: Guid(a171bd9539469734e9f707ea9ea28e27) Importer(815301076,1909f56bfc062723c751e8b465ee728b)
Start importing Assets/scripts/ItemSlot.cs using Guid(a171bd9539469734e9f707ea9ea28e27) Importer(815301076,1909f56bfc062723c751e8b465ee728b)  -> (artifact id: '285c3e93b6e7d57d19142952a4e2b816') in 0.002733 seconds
  Import took 0.004760 seconds .

========================================================================
Received Import Request.
  Time since last request: 0.430765 seconds.
  path: Assets/scripts/Production.cs
  artifactKey: Guid(23f8200003bf57d48ac895797022e87d) Importer(815301076,1909f56bfc062723c751e8b465ee728b)
Start importing Assets/scripts/Production.cs using Guid(23f8200003bf57d48ac895797022e87d) Importer(815301076,1909f56bfc062723c751e8b465ee728b)  -> (artifact id: '22203fefbc6c0a9ef02bab9ecf2ee6f2') in 0.002647 seconds
  Import took 0.004466 seconds .

========================================================================
Received Import Request.
  Time since last request: 0.000607 seconds.
  path: Assets/scripts/Production.cs
  artifactKey: Guid(23f8200003bf57d48ac895797022e87d) Importer(815301076,1909f56bfc062723c751e8b465ee728b)
Start importing Assets/scripts/Production.cs using Guid(23f8200003bf57d48ac895797022e87d) Importer(815301076,1909f56bfc062723c751e8b465ee728b)  -> (artifact id: '22203fefbc6c0a9ef02bab9ecf2ee6f2') in 0.003312 seconds
  Import took 0.005120 seconds .

